Jul-09 17:03:58.907 [main] DEBUG nextflow.cli.Launcher - $> nextflow run main.nf --INPUT input/subset/ --OUTDIR output/ -with-docker 'ubuntu:18.04' -with-trace
Jul-09 17:03:59.067 [main] INFO  nextflow.cli.CmdRun - N E X T F L O W  ~  version 20.04.1
Jul-09 17:03:59.086 [main] INFO  nextflow.cli.CmdRun - Launching `main.nf` [agitated_easley] - revision: 29ab921920
Jul-09 17:03:59.217 [main] DEBUG nextflow.config.ConfigBuilder - Enabling execution in Docker container as requested by cli option `-with-docker ubuntu:18.04`
Jul-09 17:03:59.268 [main] DEBUG nextflow.Session - Session uuid: 14def392-c2d9-4d4c-bac3-ddba796d39e8
Jul-09 17:03:59.268 [main] DEBUG nextflow.Session - Run name: agitated_easley
Jul-09 17:03:59.270 [main] DEBUG nextflow.Session - Executor pool size: 8
Jul-09 17:03:59.324 [main] DEBUG nextflow.cli.CmdRun - 
  Version: 20.04.1 build 5335
  Created: 03-05-2020 19:37 UTC (12:37 PDT)
  System: Mac OS X 10.14.6
  Runtime: Groovy 2.5.8 on Java HotSpot(TM) 64-Bit Server VM 11.0.1+13-LTS
  Encoding: UTF-8 (UTF-8)
  Process: 1044@uw-virongs-vikas.local [140.142.101.124]
  CPUs: 8 - Mem: 40 GB (160.2 MB) - Swap: 2 GB (1.1 GB)
Jul-09 17:03:59.351 [main] DEBUG nextflow.Session - Work-dir: /Users/gerbix/Documents/vikas/swift_pipeline/work [Mac OS X]
Jul-09 17:03:59.352 [main] DEBUG nextflow.Session - Script base path does not exist or is not a directory: /Users/gerbix/Documents/vikas/swift_pipeline/bin
Jul-09 17:03:59.392 [main] DEBUG nextflow.Session - Observer factory: TowerFactory
Jul-09 17:03:59.394 [main] DEBUG nextflow.Session - Observer factory: DefaultObserverFactory
Jul-09 17:03:59.588 [main] DEBUG nextflow.Session - Session start invoked
Jul-09 17:03:59.595 [main] DEBUG nextflow.trace.TraceFileObserver - Flow starting -- trace file: /Users/gerbix/Documents/vikas/swift_pipeline/trace.txt
Jul-09 17:04:00.408 [main] DEBUG nextflow.script.ScriptRunner - > Launching execution
Jul-09 17:04:00.421 [main] DEBUG nextflow.Session - Workflow process names [dsl1]: NameSorting, Aligning, Clipping, generateConsensus, Trimming
Jul-09 17:04:00.469 [PathVisitor-1] DEBUG nextflow.file.PathVisitor - files for syntax: glob; folder: input/subset/; pattern: *_R{1,2}*.gz; options: [:]
Jul-09 17:04:00.706 [main] DEBUG nextflow.executor.ExecutorFactory - << taskConfig executor: null
Jul-09 17:04:00.706 [main] DEBUG nextflow.executor.ExecutorFactory - >> processorType: 'local'
Jul-09 17:04:00.727 [main] DEBUG nextflow.executor.Executor - [warm up] executor > local
Jul-09 17:04:00.735 [main] DEBUG n.processor.LocalPollingMonitor - Creating local task monitor for executor 'local' > cpus=8; memory=40 GB; capacity=8; pollInterval=100ms; dumpInterval=5m
Jul-09 17:04:00.930 [main] DEBUG nextflow.executor.ExecutorFactory - << taskConfig executor: null
Jul-09 17:04:00.932 [main] DEBUG nextflow.executor.ExecutorFactory - >> processorType: 'local'
Jul-09 17:04:00.942 [main] DEBUG nextflow.executor.ExecutorFactory - << taskConfig executor: null
Jul-09 17:04:00.943 [main] DEBUG nextflow.executor.ExecutorFactory - >> processorType: 'local'
Jul-09 17:04:00.951 [main] DEBUG nextflow.executor.ExecutorFactory - << taskConfig executor: null
Jul-09 17:04:00.951 [main] DEBUG nextflow.executor.ExecutorFactory - >> processorType: 'local'
Jul-09 17:04:00.963 [main] DEBUG nextflow.executor.ExecutorFactory - << taskConfig executor: null
Jul-09 17:04:00.963 [main] DEBUG nextflow.executor.ExecutorFactory - >> processorType: 'local'
Jul-09 17:04:00.968 [main] DEBUG nextflow.script.ScriptRunner - > Await termination 
Jul-09 17:04:00.969 [main] DEBUG nextflow.Session - Session await
Jul-09 17:04:01.106 [Task submitter] DEBUG nextflow.executor.LocalTaskHandler - Launch cmd line: /bin/bash -ue .command.run
Jul-09 17:04:01.113 [Task submitter] INFO  nextflow.Session - [4b/797d14] Submitted process > Trimming (1)
Jul-09 17:04:23.753 [Task monitor] DEBUG n.processor.TaskPollingMonitor - Task completed > TaskHandler[id: 1; name: Trimming (1); status: COMPLETED; exit: 0; error: -; workDir: /Users/gerbix/Documents/vikas/swift_pipeline/work/4b/797d140da0107eb3dbb960f7ec191c]
Jul-09 17:04:23.788 [Task submitter] DEBUG nextflow.executor.LocalTaskHandler - Launch cmd line: /bin/bash -ue .command.run
Jul-09 17:04:23.789 [Task submitter] INFO  nextflow.Session - [7b/1f3d44] Submitted process > Aligning (1)
Jul-09 17:04:38.686 [Task monitor] DEBUG n.processor.TaskPollingMonitor - Task completed > TaskHandler[id: 2; name: Aligning (1); status: COMPLETED; exit: 0; error: -; workDir: /Users/gerbix/Documents/vikas/swift_pipeline/work/7b/1f3d448efcf58bd2aa4a046bd920b1]
Jul-09 17:04:38.699 [Task submitter] DEBUG nextflow.executor.LocalTaskHandler - Launch cmd line: /bin/bash -ue .command.run
Jul-09 17:04:38.699 [Task submitter] INFO  nextflow.Session - [82/28bddc] Submitted process > NameSorting (1)
Jul-09 17:04:42.102 [Task monitor] DEBUG n.processor.TaskPollingMonitor - Task completed > TaskHandler[id: 3; name: NameSorting (1); status: COMPLETED; exit: 0; error: -; workDir: /Users/gerbix/Documents/vikas/swift_pipeline/work/82/28bddc5955a9d0ef2c7c53a7a01ef5]
Jul-09 17:04:42.111 [Task submitter] DEBUG nextflow.executor.LocalTaskHandler - Launch cmd line: /bin/bash -ue .command.run
Jul-09 17:04:42.111 [Task submitter] INFO  nextflow.Session - [a9/548031] Submitted process > Clipping (1)
Jul-09 17:04:47.618 [Task monitor] DEBUG n.processor.TaskPollingMonitor - Task completed > TaskHandler[id: 4; name: Clipping (1); status: COMPLETED; exit: 0; error: -; workDir: /Users/gerbix/Documents/vikas/swift_pipeline/work/a9/54803185ca9a16b665f276fbaddecf]
Jul-09 17:04:47.721 [Task submitter] DEBUG nextflow.executor.LocalTaskHandler - Launch cmd line: /bin/bash -ue .command.run
Jul-09 17:04:47.722 [Task submitter] INFO  nextflow.Session - [d3/89a9b0] Submitted process > generateConsensus (1)
Jul-09 17:04:53.169 [Task monitor] DEBUG n.processor.TaskPollingMonitor - Task completed > TaskHandler[id: 5; name: generateConsensus (1); status: COMPLETED; exit: 0; error: -; workDir: /Users/gerbix/Documents/vikas/swift_pipeline/work/d3/89a9b0207d56cfac11bb24c1418b5b]
Jul-09 17:04:53.178 [Task monitor] DEBUG n.util.BlockingThreadExecutorFactory - Thread pool name=FileTransfer; maxThreads=24; maxQueueSize=72; keepAlive=1m
Jul-09 17:04:53.183 [main] DEBUG nextflow.Session - Session await > all process finished
Jul-09 17:04:53.184 [main] DEBUG nextflow.Session - Session await > all barriers passed
Jul-09 17:04:53.195 [main] DEBUG nextflow.trace.WorkflowStatsObserver - Workflow completed > WorkflowStats[succeededCount=5; failedCount=0; ignoredCount=0; cachedCount=0; pendingCount=0; submittedCount=0; runningCount=0; retriesCount=0; abortedCount=0; succeedDuration=1m 22s; failedDuration=0ms; cachedDuration=0ms;loadCpus=0; loadMemory=0; peakRunning=1; peakCpus=4; peakMemory=6 GB; ]
Jul-09 17:04:53.195 [main] DEBUG nextflow.trace.TraceFileObserver - Flow completing -- flushing trace file
Jul-09 17:04:53.314 [main] DEBUG nextflow.CacheDB - Closing CacheDB done
Jul-09 17:04:53.342 [main] DEBUG nextflow.script.ScriptRunner - > Execution complete -- Goodbye
